This is pdfTeX, Version 3.141592653-2.6-1.40.26 (TeX Live 2024/Arch Linux) (preloaded format=pdflatex 2024.9.30)  18 OCT 2024 17:25
entering extended mode
 restricted \write18 enabled.
 file:line:error style messages enabled.
 %&-line parsing enabled.
**report.tex
(./report.tex
LaTeX2e <2023-11-01> patch level 1
L3 programming layer <2024-02-20>
(/usr/share/texmf-dist/tex/latex/base/article.cls
Document Class: article 2023/05/17 v1.4n Standard LaTeX document class
(/usr/share/texmf-dist/tex/latex/base/size10.clo
File: size10.clo 2023/05/17 v1.4n Standard LaTeX file (size option)
)
\c@part=\count188
\c@section=\count189
\c@subsection=\count190
\c@subsubsection=\count191
\c@paragraph=\count192
\c@subparagraph=\count193
\c@figure=\count194
\c@table=\count195
\abovecaptionskip=\skip48
\belowcaptionskip=\skip49
\bibindent=\dimen140
) (/usr/share/texmf-dist/tex/latex/amsmath/amsmath.sty
Package: amsmath 2023/05/13 v2.17o AMS math features
\@mathmargin=\skip50

For additional information on amsmath, use the `?' option.
(/usr/share/texmf-dist/tex/latex/amsmath/amstext.sty
Package: amstext 2021/08/26 v2.01 AMS text
 (/usr/share/texmf-dist/tex/latex/amsmath/amsgen.sty
File: amsgen.sty 1999/11/30 v2.0 generic functions
\@emptytoks=\toks17
\ex@=\dimen141
)) (/usr/share/texmf-dist/tex/latex/amsmath/amsbsy.sty
Package: amsbsy 1999/11/29 v1.2d Bold Symbols
\pmbraise@=\dimen142
) (/usr/share/texmf-dist/tex/latex/amsmath/amsopn.sty
Package: amsopn 2022/04/08 v2.04 operator names
)
\inf@bad=\count196
LaTeX Info: Redefining \frac on input line 234.
\uproot@=\count197
\leftroot@=\count198
LaTeX Info: Redefining \overline on input line 399.
LaTeX Info: Redefining \colon on input line 410.
\classnum@=\count199
\DOTSCASE@=\count266
LaTeX Info: Redefining \ldots on input line 496.
LaTeX Info: Redefining \dots on input line 499.
LaTeX Info: Redefining \cdots on input line 620.
\Mathstrutbox@=\box51
\strutbox@=\box52
LaTeX Info: Redefining \big on input line 722.
LaTeX Info: Redefining \Big on input line 723.
LaTeX Info: Redefining \bigg on input line 724.
LaTeX Info: Redefining \Bigg on input line 725.
\big@size=\dimen143
LaTeX Font Info:    Redeclaring font encoding OML on input line 743.
LaTeX Font Info:    Redeclaring font encoding OMS on input line 744.
\macc@depth=\count267
LaTeX Info: Redefining \bmod on input line 905.
LaTeX Info: Redefining \pmod on input line 910.
LaTeX Info: Redefining \smash on input line 940.
LaTeX Info: Redefining \relbar on input line 970.
LaTeX Info: Redefining \Relbar on input line 971.
\c@MaxMatrixCols=\count268
\dotsspace@=\muskip16
\c@parentequation=\count269
\dspbrk@lvl=\count270
\tag@help=\toks18
\row@=\count271
\column@=\count272
\maxfields@=\count273
\andhelp@=\toks19
\eqnshift@=\dimen144
\alignsep@=\dimen145
\tagshift@=\dimen146
\tagwidth@=\dimen147
\totwidth@=\dimen148
\lineht@=\dimen149
\@envbody=\toks20
\multlinegap=\skip51
\multlinetaggap=\skip52
\mathdisplay@stack=\toks21
LaTeX Info: Redefining \[ on input line 2953.
LaTeX Info: Redefining \] on input line 2954.
) (/usr/share/texmf-dist/tex/latex/graphics/graphicx.sty
Package: graphicx 2021/09/16 v1.2d Enhanced LaTeX Graphics (DPC,SPQR)
 (/usr/share/texmf-dist/tex/latex/graphics/keyval.sty
Package: keyval 2022/05/29 v1.15 key=value parser (DPC)
\KV@toks@=\toks22
) (/usr/share/texmf-dist/tex/latex/graphics/graphics.sty
Package: graphics 2022/03/10 v1.4e Standard LaTeX Graphics (DPC,SPQR)
 (/usr/share/texmf-dist/tex/latex/graphics/trig.sty
Package: trig 2021/08/11 v1.11 sin cos tan (DPC)
) (/usr/share/texmf-dist/tex/latex/graphics-cfg/graphics.cfg
File: graphics.cfg 2016/06/04 v1.11 sample graphics configuration
)
Package graphics Info: Driver file: pdftex.def on input line 107.
 (/usr/share/texmf-dist/tex/latex/graphics-def/pdftex.def
File: pdftex.def 2022/09/22 v1.2b Graphics/color driver for pdftex
))
\Gin@req@height=\dimen150
\Gin@req@width=\dimen151
) (/usr/share/texmf-dist/tex/latex/base/inputenc.sty
Package: inputenc 2021/02/14 v1.3d Input encoding file
\inpenc@prehook=\toks23
\inpenc@posthook=\toks24
) (/usr/share/texmf-dist/tex/latex/natbib/natbib.sty
Package: natbib 2010/09/13 8.31b (PWD, AO)
\bibhang=\skip53
\bibsep=\skip54
LaTeX Info: Redefining \cite on input line 694.
\c@NAT@ctr=\count274
) (/usr/share/texmf-dist/tex/latex/l3backend/l3backend-pdftex.def
File: l3backend-pdftex.def 2024-02-20 L3 backend support: PDF output (pdfTeX)
\l__color_backend_stack_int=\count275
\l__pdf_internal_box=\box53
) (./report.aux)
\openout1 = `report.aux'.

LaTeX Font Info:    Checking defaults for OML/cmm/m/it on input line 12.
LaTeX Font Info:    ... okay on input line 12.
LaTeX Font Info:    Checking defaults for OMS/cmsy/m/n on input line 12.
LaTeX Font Info:    ... okay on input line 12.
LaTeX Font Info:    Checking defaults for OT1/cmr/m/n on input line 12.
LaTeX Font Info:    ... okay on input line 12.
LaTeX Font Info:    Checking defaults for T1/cmr/m/n on input line 12.
LaTeX Font Info:    ... okay on input line 12.
LaTeX Font Info:    Checking defaults for TS1/cmr/m/n on input line 12.
LaTeX Font Info:    ... okay on input line 12.
LaTeX Font Info:    Checking defaults for OMX/cmex/m/n on input line 12.
LaTeX Font Info:    ... okay on input line 12.
LaTeX Font Info:    Checking defaults for U/cmr/m/n on input line 12.
LaTeX Font Info:    ... okay on input line 12.
 (/usr/share/texmf-dist/tex/context/base/mkii/supp-pdf.mkii
[Loading MPS to PDF converter (version 2006.09.02).]
\scratchcounter=\count276
\scratchdimen=\dimen152
\scratchbox=\box54
\nofMPsegments=\count277
\nofMParguments=\count278
\everyMPshowfont=\toks25
\MPscratchCnt=\count279
\MPscratchDim=\dimen153
\MPnumerator=\count280
\makeMPintoPDFobject=\count281
\everyMPtoPDFconversion=\toks26
) (/usr/share/texmf-dist/tex/latex/epstopdf-pkg/epstopdf-base.sty
Package: epstopdf-base 2020-01-24 v2.11 Base part for package epstopdf
Package epstopdf-base Info: Redefining graphics rule for `.eps' on input line 485.
 (/usr/share/texmf-dist/tex/latex/latexconfig/epstopdf-sys.cfg
File: epstopdf-sys.cfg 2010/07/13 v1.3 Configuration of (r)epstopdf for TeX Live
)) [1

{/var/lib/texmf/fonts/map/pdftex/updmap/pdftex.map}{/usr/share/texmf-dist/fonts/enc/dvips/cm-super/cm-super-ts1.enc}]
<./images/book-race-track.png, id=13, 341.77687pt x 194.97844pt>
File: ./images/book-race-track.png Graphic file (type png)
<use ./images/book-race-track.png>
Package pdftex.def Info: ./images/book-race-track.png  used on input line 81.
(pdftex.def)             Requested size: 307.59633pt x 175.47896pt.


LaTeX Warning: `!h' float specifier changed to `!ht'.

<./images/test_racetrack1.png, id=15, 376.5267pt x 599.1183pt>
File: ./images/test_racetrack1.png Graphic file (type png)
<use ./images/test_racetrack1.png>
Package pdftex.def Info: ./images/test_racetrack1.png  used on input line 88.
(pdftex.def)             Requested size: 75.304pt x 119.82153pt.

LaTeX Warning: `!h' float specifier changed to `!ht'.

<./images/test_racetrack2.png, id=16, 333.8874pt x 599.1183pt>
File: ./images/test_racetrack2.png Graphic file (type png)
<use ./images/test_racetrack2.png>
Package pdftex.def Info: ./images/test_racetrack2.png  used on input line 95.
(pdftex.def)             Requested size: 66.77629pt x 119.82153pt.

LaTeX Warning: `!h' float specifier changed to `!ht'.

[2] [3 <./images/book-race-track.png> <./images/test_racetrack1.png> <./images/test_racetrack2.png>]
<./images/op-mc-algo.png, id=26, 383.93437pt x 234.1247pt>
File: ./images/op-mc-algo.png Graphic file (type png)
<use ./images/op-mc-algo.png>
Package pdftex.def Info: ./images/op-mc-algo.png  used on input line 125.
(pdftex.def)             Requested size: 345.53773pt x 210.71027pt.

Overfull \hbox (0.53773pt too wide) in paragraph at lines 125--126
 [][] 
 []

[4 <./images/op-mc-algo.png>]
<./images/mc_test_racetrack1.png, id=33, 286.1892pt x 602.7318pt>
File: ./images/mc_test_racetrack1.png Graphic file (type png)
<use ./images/mc_test_racetrack1.png>
Package pdftex.def Info: ./images/mc_test_racetrack1.png  used on input line 199.
(pdftex.def)             Requested size: 257.56787pt x 542.4536pt.


LaTeX Warning: Float too large for page by 26.4536pt on input line 202.


LaTeX Warning: `!h' float specifier changed to `!ht'.

<./images/mc_test_racetrack2.png, id=34, 286.1892pt x 602.7318pt>
File: ./images/mc_test_racetrack2.png Graphic file (type png)
<use ./images/mc_test_racetrack2.png>
Package pdftex.def Info: ./images/mc_test_racetrack2.png  used on input line 206.
(pdftex.def)             Requested size: 257.56787pt x 542.4536pt.

LaTeX Warning: Float too large for page by 26.4536pt on input line 209.


LaTeX Warning: `!h' float specifier changed to `!ht'.

<./images/exp_mc_racetrack1.png, id=35, 747.9945pt x 393.8715pt>
File: ./images/exp_mc_racetrack1.png Graphic file (type png)
<use ./images/exp_mc_racetrack1.png>
Package pdftex.def Info: ./images/exp_mc_racetrack1.png  used on input line 226.
(pdftex.def)             Requested size: 373.99634pt x 196.93526pt.

Overfull \hbox (28.99634pt too wide) in paragraph at lines 226--228
 [][] 
 []


LaTeX Warning: `!h' float specifier changed to `!ht'.

<./images/exp_mc_racetrack2.png, id=36, 734.9859pt x 393.8715pt>
File: ./images/exp_mc_racetrack2.png Graphic file (type png)
<use ./images/exp_mc_racetrack2.png>
Package pdftex.def Info: ./images/exp_mc_racetrack2.png  used on input line 234.
(pdftex.def)             Requested size: 367.49205pt x 196.93526pt.

Overfull \hbox (22.49205pt too wide) in paragraph at lines 234--236
 [][] 
 []


LaTeX Warning: `!h' float specifier changed to `!ht'.

[5]
<./images/double-q-td-learning.png, id=43, 387.69844pt x 202.50656pt>
File: ./images/double-q-td-learning.png Graphic file (type png)
<use ./images/double-q-td-learning.png>
Package pdftex.def Info: ./images/double-q-td-learning.png  used on input line 260.
(pdftex.def)             Requested size: 193.84874pt x 101.25302pt.


LaTeX Warning: `!h' float specifier changed to `!ht'.

<./images/q-td-learning-test-track1.png, id=44, 294.1389pt x 602.7318pt>
File: ./images/q-td-learning-test-track1.png Graphic file (type png)
<use ./images/q-td-learning-test-track1.png>
Package pdftex.def Info: ./images/q-td-learning-test-track1.png  used on input line 282.
(pdftex.def)             Requested size: 147.06908pt x 301.36516pt.

LaTeX Warning: `!h' float specifier changed to `!ht'.

<./images/q-td-learning-test-track2.png, id=45, 310.761pt x 602.7318pt>
File: ./images/q-td-learning-test-track2.png Graphic file (type png)
<use ./images/q-td-learning-test-track2.png>
Package pdftex.def Info: ./images/q-td-learning-test-track2.png  used on input line 289.
(pdftex.def)             Requested size: 155.38011pt x 301.36516pt.

LaTeX Warning: `!h' float specifier changed to `!ht'.

<./images/exp_q-td-ractrack1.png, id=46, 747.9945pt x 393.8715pt>
File: ./images/exp_q-td-ractrack1.png Graphic file (type png)
<use ./images/exp_q-td-ractrack1.png>
Package pdftex.def Info: ./images/exp_q-td-ractrack1.png  used on input line 306.
(pdftex.def)             Requested size: 373.99634pt x 196.93526pt.

Overfull \hbox (28.99634pt too wide) in paragraph at lines 306--308
 [][] 
 []


LaTeX Warning: `!h' float specifier changed to `!ht'.

<./images/exp_q-td-racetrack2.png, id=47, 741.4902pt x 393.8715pt>
File: ./images/exp_q-td-racetrack2.png Graphic file (type png)
<use ./images/exp_q-td-racetrack2.png>
Package pdftex.def Info: ./images/exp_q-td-racetrack2.png  used on input line 313.
(pdftex.def)             Requested size: 370.74419pt x 196.93526pt.

Overfull \hbox (25.74419pt too wide) in paragraph at lines 313--315
 [][] 
 []


LaTeX Warning: `!h' float specifier changed to `!ht'.

[6]
No file report.bbl.
[7] [8 <./images/mc_test_racetrack1.png>] [9 <./images/mc_test_racetrack2.png>] [10 <./images/exp_mc_racetrack1.png> <./images/exp_mc_racetrack2.png>] [11 <./images/double-q-td-learning.png> <./images/q-td-learning-test-track1.png>] [12 <./images/q-td-learning-test-track2.png>] [13 <./images/exp_q-td-ractrack1.png> <./images/exp_q-td-racetrack2.png>] (./report.aux)
 ***********
LaTeX2e <2023-11-01> patch level 1
L3 programming layer <2024-02-20>
 ***********
 ) 
Here is how much of TeX's memory you used:
 2497 strings out of 476076
 38704 string characters out of 5793775
 1937187 words of memory out of 5000000
 24614 multiletter control sequences out of 15000+600000
 563787 words of font info for 56 fonts, out of 8000000 for 9000
 14 hyphenation exceptions out of 8191
 57i,9n,65p,258b,232s stack positions out of 10000i,1000n,20000p,200000b,200000s
</usr/share/texmf-dist/fonts/type1/public/amsfonts/cm/cmbx10.pfb></usr/share/texmf-dist/fonts/type1/public/amsfonts/cm/cmbx12.pfb></usr/share/texmf-dist/fonts/type1/public/amsfonts/cm/cmex10.pfb></usr/share/texmf-dist/fonts/type1/public/amsfonts/cm/cmmi10.pfb></usr/share/texmf-dist/fonts/type1/public/amsfonts/cm/cmmi7.pfb></usr/share/texmf-dist/fonts/type1/public/amsfonts/cm/cmr10.pfb></usr/share/texmf-dist/fonts/type1/public/amsfonts/cm/cmr12.pfb></usr/share/texmf-dist/fonts/type1/public/amsfonts/cm/cmr17.pfb></usr/share/texmf-dist/fonts/type1/public/amsfonts/cm/cmr7.pfb></usr/share/texmf-dist/fonts/type1/public/amsfonts/cm/cmsy10.pfb></usr/share/texmf-dist/fonts/type1/public/amsfonts/cm/cmsy7.pfb></usr/share/texmf-dist/fonts/type1/public/cm-super/sfrm1000.pfb>
Output written on report.pdf (13 pages, 650368 bytes).
PDF statistics:
 135 PDF objects out of 1000 (max. 8388607)
 69 compressed objects within 1 object stream
 0 named destinations out of 1000 (max. 500000)
 66 words of extra memory for PDF output out of 10000 (max. 10000000)

